<?xml version="1.0" encoding="UTF-8"?>
<!-- Generated by org.testng.reporters.JUnitReportReporter -->
<testsuite hostname="DESKTOP-6QOO14N" failures="0" tests="5" name="tasecases.callPageTest" time="95.117" errors="0" timestamp="2023-01-03T08:10:24 IST" skipped="0">
  <testcase classname="tasecases.callPageTest" name="verifyLabelOnCallPage" time="16.256"/>
  <system-out/>
  <testcase classname="tasecases.callPageTest" name="verifyTitleOfCallPage" time="18.036"/>
  <system-out/>
  <testcase classname="tasecases.callPageTest" name="verifyaddedInformation" time="18.629"/>
  <system-out/>
  <testcase classname="tasecases.callPageTest" name="verifyaddedInformation" time="19.044"/>
  <system-out/>
  <testcase classname="tasecases.callPageTest" name="verifyaddedInformation" time="23.152"/>
  <system-out/>
</testsuite> <!-- tasecases.callPageTest -->
